<?xml version="1.0" encoding="UTF-8"?>
<testng-results skipped="0" failed="0" ignored="0" total="1" passed="1">
  <reporter-output>
  </reporter-output>
  <suite name="Default suite" duration-ms="91131" started-at="2021-01-17T16:54:33 IST" finished-at="2021-01-17T16:56:05 IST">
    <groups>
    </groups>
    <test name="Default test" duration-ms="91131" started-at="2021-01-17T16:54:33 IST" finished-at="2021-01-17T16:56:05 IST">
      <class name="Demo.Assignment">
        <test-method status="PASS" signature="bt()[pri:0, instance:Demo.Assignment@1563da5]" name="bt" is-config="true" duration-ms="30988" started-at="2021-01-17T16:54:34 IST" finished-at="2021-01-17T16:55:04 IST">
          <reporter-output>
          </reporter-output>
        </test-method> <!-- bt -->
        <test-method status="PASS" signature="testcase1()[pri:0, instance:Demo.Assignment@1563da5]" name="testcase1" duration-ms="60065" started-at="2021-01-17T16:55:05 IST" finished-at="2021-01-17T16:56:05 IST">
          <reporter-output>
          </reporter-output>
        </test-method> <!-- testcase1 -->
      </class> <!-- Demo.Assignment -->
    </test> <!-- Default test -->
  </suite> <!-- Default suite -->
</testng-results>
